<?xml version="1.0" encoding="UTF-8"?>
<!-- Generated by org.testng.reporters.JUnitReportReporter -->
<testsuite hostname="Vardhan" name="com.university.universityclient.test.University_ClientTest" tests="1" failures="0" timestamp="6 May 2014 20:51:35 GMT" time="76.654" errors="0">
  <testcase name="testAPI" time="76.654" classname="com.university.universityclient.test.University_ClientTest"/>
</testsuite> <!-- com.university.universityclient.test.University_ClientTest -->
